2022-01-02 16:31:20,583 THREADDUMP
 (ID=1 "main" RUNNABLE
    java.base@11.0.13/java.io.FileOutputStream.writeBytes(Native Method)
    java.base@11.0.13/java.io.FileOutputStream.write(FileOutputStream.java:354)
    java.base@11.0.13/java.io.BufferedOutputStream.flushBuffer(BufferedOutputStream.java:81)
    java.base@11.0.13/java.io.BufferedOutputStream.write(BufferedOutputStream.java:95)
    java.base@11.0.13/java.io.DataOutputStream.writeByte(DataOutputStream.java:153)
    app//btools.util.DiffCoderDataOutputStream.writeUnsigned(DiffCoderDataOutputStream.java:41)
    app//btools.util.DiffCoderDataOutputStream.writeSigned(DiffCoderDataOutputStream.java:31)
    app//btools.util.DiffCoderDataOutputStream.writeDiffed(DiffCoderDataOutputStream.java:26)
    app//btools.mapcreator.NodeData.writeTo(NodeData.java:39)
    app//btools.mapcreator.OsmCutter.nextNode(OsmCutter.java:150)
    app//btools.mapcreator.OsmParser.addNode(OsmParser.java:110)
    app//btools.mapcreator.BPbfBlobDecoder.processNodes(BPbfBlobDecoder.java:188)
    app//btools.mapcreator.BPbfBlobDecoder.processOsmPrimitives(BPbfBlobDecoder.java:284)
    app//btools.mapcreator.BPbfBlobDecoder.process(BPbfBlobDecoder.java:49)
    app//btools.mapcreator.OsmParser.readMap(OsmParser.java:94)
    app//btools.mapcreator.OsmCutter.process(OsmCutter.java:94)
    app//btools.mapcreator.OsmFastCutter.doCut(OsmFastCutter.java:60)
    app//btools.mapcreator.OsmFastCutter.main(OsmFastCutter.java:26)
    java.base@11.0.13/jdk.internal.reflect.NativeMethodAccessorImpl.invoke0(Native Method)
    java.base@11.0.13/jdk.internal.reflect.NativeMethodAccessorImpl.invoke(NativeMethodAccessorImpl.java:62)
    java.base@11.0.13/jdk.internal.reflect.DelegatingMethodAccessorImpl.invoke(DelegatingMethodAccessorImpl.java:43)
    java.base@11.0.13/java.lang.reflect.Method.invoke(Method.java:566)
    app//btools.util.StackSampler.main(StackSampler.java:141)

2022-01-02 16:31:21,738 THREADDUMP
 (ID=1 "main" RUNNABLE
    java.base@11.0.13/java.util.zip.Inflater.inflateBytesBytes(Native Method)
    java.base@11.0.13/java.util.zip.Inflater.inflate(Inflater.java:385)
    java.base@11.0.13/java.util.zip.Inflater.inflate(Inflater.java:471)
    app//btools.mapcreator.BPbfBlobDecoder.readBlobContent(BPbfBlobDecoder.java:72)
    app//btools.mapcreator.BPbfBlobDecoder.process(BPbfBlobDecoder.java:49)
    app//btools.mapcreator.OsmParser.readMap(OsmParser.java:94)
    app//btools.mapcreator.OsmCutter.process(OsmCutter.java:94)
    app//btools.mapcreator.OsmFastCutter.doCut(OsmFastCutter.java:60)
    app//btools.mapcreator.OsmFastCutter.main(OsmFastCutter.java:26)
    java.base@11.0.13/jdk.internal.reflect.NativeMethodAccessorImpl.invoke0(Native Method)
    java.base@11.0.13/jdk.internal.reflect.NativeMethodAccessorImpl.invoke(NativeMethodAccessorImpl.java:62)
    java.base@11.0.13/jdk.internal.reflect.DelegatingMethodAccessorImpl.invoke(DelegatingMethodAccessorImpl.java:43)
    java.base@11.0.13/java.lang.reflect.Method.invoke(Method.java:566)
    app//btools.util.StackSampler.main(StackSampler.java:141)

2022-01-02 16:31:22,000 THREADDUMP
 (ID=1 "main" RUNNABLE
    app//org.openstreetmap.osmosis.osmbinary.Osmformat$DenseInfo.<init>(Osmformat.java:8635)
    app//org.openstreetmap.osmosis.osmbinary.Osmformat$DenseInfo.<init>(Osmformat.java:8577)
    app//org.openstreetmap.osmosis.osmbinary.Osmformat$DenseInfo$1.parsePartialFrom(Osmformat.java:10299)
    app//org.openstreetmap.osmosis.osmbinary.Osmformat$DenseInfo$1.parsePartialFrom(Osmformat.java:10293)
    app//com.google.protobuf.CodedInputStream$ArrayDecoder.readMessage(CodedInputStream.java:888)
    app//org.openstreetmap.osmosis.osmbinary.Osmformat$DenseNodes.<init>(Osmformat.java:12651)
    app//org.openstreetmap.osmosis.osmbinary.Osmformat$DenseNodes.<init>(Osmformat.java:12578)
    app//org.openstreetmap.osmosis.osmbinary.Osmformat$DenseNodes$1.parsePartialFrom(Osmformat.java:14081)
    app//org.openstreetmap.osmosis.osmbinary.Osmformat$DenseNodes$1.parsePartialFrom(Osmformat.java:14075)
    app//com.google.protobuf.CodedInputStream$ArrayDecoder.readMessage(CodedInputStream.java:888)
    app//org.openstreetmap.osmosis.osmbinary.Osmformat$PrimitiveGroup.<init>(Osmformat.java:4635)
    app//org.openstreetmap.osmosis.osmbinary.Osmformat$PrimitiveGroup.<init>(Osmformat.java:4574)
    app//org.openstreetmap.osmosis.osmbinary.Osmformat$PrimitiveGroup$1.parsePartialFrom(Osmformat.java:6604)
    app//org.openstreetmap.osmosis.osmbinary.Osmformat$PrimitiveGroup$1.parsePartialFrom(Osmformat.java:6598)
    app//com.google.protobuf.CodedInputStream$ArrayDecoder.readMessage(CodedInputStream.java:888)
    app//org.openstreetmap.osmosis.osmbinary.Osmformat$PrimitiveBlock.<init>(Osmformat.java:3113)
    app//org.openstreetmap.osmosis.osmbinary.Osmformat$PrimitiveBlock.<init>(Osmformat.java:3048)
    app//org.openstreetmap.osmosis.osmbinary.Osmformat$PrimitiveBlock$1.parsePartialFrom(Osmformat.java:4432)
    app//org.openstreetmap.osmosis.osmbinary.Osmformat$PrimitiveBlock$1.parsePartialFrom(Osmformat.java:4426)
    app//com.google.protobuf.AbstractParser.parsePartialFrom(AbstractParser.java:158)
    app//com.google.protobuf.AbstractParser.parseFrom(AbstractParser.java:191)
    app//com.google.protobuf.AbstractParser.parseFrom(AbstractParser.java:203)
    app//com.google.protobuf.AbstractParser.parseFrom(AbstractParser.java:208)
    app//com.google.protobuf.AbstractParser.parseFrom(AbstractParser.java:48)
    app//org.openstreetmap.osmosis.osmbinary.Osmformat$PrimitiveBlock.parseFrom(Osmformat.java:3521)
    app//btools.mapcreator.BPbfBlobDecoder.processOsmPrimitives(BPbfBlobDecoder.java:279)
    app//btools.mapcreator.BPbfBlobDecoder.process(BPbfBlobDecoder.java:49)
    app//btools.mapcreator.OsmParser.readMap(OsmParser.java:94)
    app//btools.mapcreator.OsmCutter.process(OsmCutter.java:94)
    app//btools.mapcreator.OsmFastCutter.doCut(OsmFastCutter.java:60)
    app//btools.mapcreator.OsmFastCutter.main(OsmFastCutter.java:26)
    java.base@11.0.13/jdk.internal.reflect.NativeMethodAccessorImpl.invoke0(Native Method)
    java.base@11.0.13/jdk.internal.reflect.NativeMethodAccessorImpl.invoke(NativeMethodAccessorImpl.java:62)
    java.base@11.0.13/jdk.internal.reflect.DelegatingMethodAccessorImpl.invoke(DelegatingMethodAccessorImpl.java:43)
    java.base@11.0.13/java.lang.reflect.Method.invoke(Method.java:566)
    app//btools.util.StackSampler.main(StackSampler.java:141)

2022-01-02 16:31:23,077 THREADDUMP
2022-01-02 16:31:24,673 THREADDUMP
2022-01-02 16:31:25,302 THREADDUMP
2022-01-02 16:31:25,945 THREADDUMP
2022-01-02 16:31:27,243 THREADDUMP
2022-01-02 16:31:28,898 THREADDUMP
2022-01-02 16:31:29,556 THREADDUMP
2022-01-02 16:31:30,812 THREADDUMP
2022-01-02 16:31:31,498 THREADDUMP
2022-01-02 16:31:32,503 THREADDUMP
2022-01-02 16:31:33,448 THREADDUMP
2022-01-02 16:31:34,422 THREADDUMP
2022-01-02 16:31:35,065 THREADDUMP
2022-01-02 16:31:36,537 THREADDUMP
2022-01-02 16:31:37,390 THREADDUMP
2022-01-02 16:31:38,100 THREADDUMP
2022-01-02 16:31:39,831 THREADDUMP
2022-01-02 16:31:40,683 THREADDUMP
2022-01-02 16:31:41,003 THREADDUMP
2022-01-02 16:31:42,914 THREADDUMP
2022-01-02 16:31:43,896 THREADDUMP
2022-01-02 16:31:44,593 THREADDUMP
2022-01-02 16:31:45,761 THREADDUMP
2022-01-02 16:31:46,157 THREADDUMP
2022-01-02 16:31:47,602 THREADDUMP
2022-01-02 16:31:48,302 THREADDUMP
2022-01-02 16:31:49,656 THREADDUMP
2022-01-02 16:31:50,046 THREADDUMP
2022-01-02 16:31:51,291 THREADDUMP
2022-01-02 16:31:51,953 THREADDUMP
2022-01-02 16:31:53,493 THREADDUMP
2022-01-02 16:31:54,159 THREADDUMP
2022-01-02 16:31:55,721 THREADDUMP
2022-01-02 16:31:56,146 THREADDUMP
2022-01-02 16:31:57,940 THREADDUMP
2022-01-02 16:31:58,123 THREADDUMP
2022-01-02 16:31:59,919 THREADDUMP
2022-01-02 16:32:00,026 THREADDUMP
2022-01-02 16:32:01,653 THREADDUMP
2022-01-02 16:32:02,334 THREADDUMP
2022-01-02 16:32:03,519 THREADDUMP
2022-01-02 16:32:04,943 THREADDUMP
2022-01-02 16:32:05,292 THREADDUMP
2022-01-02 16:32:06,795 THREADDUMP
2022-01-02 16:32:07,184 THREADDUMP
2022-01-02 16:32:08,069 THREADDUMP
2022-01-02 16:32:09,634 THREADDUMP
2022-01-02 16:32:10,860 THREADDUMP
2022-01-02 16:32:11,549 THREADDUMP
2022-01-02 16:32:12,864 THREADDUMP
2022-01-02 16:32:13,208 THREADDUMP
2022-01-02 16:32:14,093 THREADDUMP
2022-01-02 16:32:15,623 THREADDUMP
2022-01-02 16:32:16,205 THREADDUMP
2022-01-02 16:32:17,479 THREADDUMP
2022-01-02 16:32:18,530 THREADDUMP
2022-01-02 16:32:19,169 THREADDUMP
2022-01-02 16:32:20,504 THREADDUMP
2022-01-02 16:32:21,409 THREADDUMP
2022-01-02 16:32:22,966 THREADDUMP
2022-01-02 16:32:23,719 THREADDUMP
2022-01-02 16:32:24,392 THREADDUMP
2022-01-02 16:32:25,210 THREADDUMP
2022-01-02 16:32:26,476 THREADDUMP
2022-01-02 16:32:27,937 THREADDUMP
2022-01-02 16:32:28,959 THREADDUMP
2022-01-02 16:32:29,745 THREADDUMP
2022-01-02 16:32:30,399 THREADDUMP
2022-01-02 16:32:31,888 THREADDUMP
2022-01-02 16:32:31,997 THREADDUMP
2022-01-02 16:32:33,005 THREADDUMP
2022-01-02 16:32:34,894 THREADDUMP
2022-01-02 16:32:35,317 THREADDUMP
2022-01-02 16:32:36,355 THREADDUMP
2022-01-02 16:32:37,854 THREADDUMP
2022-01-02 16:32:38,492 THREADDUMP
2022-01-02 16:32:39,434 THREADDUMP
2022-01-02 16:32:40,197 THREADDUMP
2022-01-02 16:32:41,425 THREADDUMP
2022-01-02 16:32:41,987 THREADDUMP
2022-01-02 16:32:43,081 THREADDUMP
2022-01-02 16:32:44,521 THREADDUMP
2022-01-02 16:32:45,646 THREADDUMP
2022-01-02 16:32:46,801 THREADDUMP
2022-01-02 16:32:47,254 THREADDUMP
2022-01-02 16:32:48,197 THREADDUMP
2022-01-02 16:32:49,898 THREADDUMP
2022-01-02 16:32:50,171 THREADDUMP
2022-01-02 16:32:51,481 THREADDUMP
2022-01-02 16:32:52,156 THREADDUMP
2022-01-02 16:32:53,477 THREADDUMP
2022-01-02 16:32:54,062 THREADDUMP
2022-01-02 16:32:55,163 THREADDUMP
2022-01-02 16:32:56,865 THREADDUMP
2022-01-02 16:32:57,424 THREADDUMP
2022-01-02 16:32:58,156 THREADDUMP
2022-01-02 16:32:59,180 THREADDUMP
2022-01-02 16:33:00,045 THREADDUMP
2022-01-02 16:33:01,542 THREADDUMP
2022-01-02 16:33:02,428 THREADDUMP
2022-01-02 16:33:03,135 THREADDUMP
2022-01-02 16:33:04,882 THREADDUMP
2022-01-02 16:33:05,466 THREADDUMP
2022-01-02 16:33:06,747 THREADDUMP
2022-01-02 16:33:07,036 THREADDUMP
2022-01-02 16:33:08,505 THREADDUMP
2022-01-02 16:33:09,763 THREADDUMP
2022-01-02 16:33:10,230 THREADDUMP
2022-01-02 16:33:11,184 THREADDUMP
2022-01-02 16:33:12,080 THREADDUMP
2022-01-02 16:33:13,051 THREADDUMP
2022-01-02 16:33:14,450 THREADDUMP
2022-01-02 16:33:15,450 THREADDUMP
2022-01-02 16:33:16,918 THREADDUMP
2022-01-02 16:33:17,536 THREADDUMP
2022-01-02 16:33:18,665 THREADDUMP
2022-01-02 16:33:19,084 THREADDUMP
2022-01-02 16:33:20,913 THREADDUMP
2022-01-02 16:33:21,367 THREADDUMP
2022-01-02 16:33:22,887 THREADDUMP
 (ID=1 "main" RUNNABLE
    app//btools.mapcreator.WayCutter.nextNode(WayCutter.java:59)
    app//btools.mapcreator.OsmCutter.nextNode(OsmCutter.java:153)
    app//btools.mapcreator.OsmParser.addNode(OsmParser.java:110)
    app//btools.mapcreator.BPbfBlobDecoder.processNodes(BPbfBlobDecoder.java:188)
    app//btools.mapcreator.BPbfBlobDecoder.processOsmPrimitives(BPbfBlobDecoder.java:284)
    app//btools.mapcreator.BPbfBlobDecoder.process(BPbfBlobDecoder.java:49)
    app//btools.mapcreator.OsmParser.readMap(OsmParser.java:94)
    app//btools.mapcreator.OsmCutter.process(OsmCutter.java:94)
    app//btools.mapcreator.OsmFastCutter.doCut(OsmFastCutter.java:60)
    app//btools.mapcreator.OsmFastCutter.main(OsmFastCutter.java:26)
    java.base@11.0.13/jdk.internal.reflect.NativeMethodAccessorImpl.invoke0(Native Method)
    java.base@11.0.13/jdk.internal.reflect.NativeMethodAccessorImpl.invoke(NativeMethodAccessorImpl.java:62)
    java.base@11.0.13/jdk.internal.reflect.DelegatingMethodAccessorImpl.invoke(DelegatingMethodAccessorImpl.java:43)
    java.base@11.0.13/java.lang.reflect.Method.invoke(Method.java:566)
    app//btools.util.StackSampler.main(StackSampler.java:141)

2022-01-02 16:33:23,220 THREADDUMP
 (ID=1 "main" RUNNABLE
    app//btools.util.DiffCoderDataOutputStream.writeUnsigned(DiffCoderDataOutputStream.java:43)
    app//btools.util.DiffCoderDataOutputStream.writeSigned(DiffCoderDataOutputStream.java:31)
    app//btools.util.DiffCoderDataOutputStream.writeDiffed(DiffCoderDataOutputStream.java:26)
    app//btools.mapcreator.NodeData.writeTo(NodeData.java:38)
    app//btools.mapcreator.OsmCutter.nextNode(OsmCutter.java:150)
    app//btools.mapcreator.OsmParser.addNode(OsmParser.java:110)
    app//btools.mapcreator.BPbfBlobDecoder.processNodes(BPbfBlobDecoder.java:188)
    app//btools.mapcreator.BPbfBlobDecoder.processOsmPrimitives(BPbfBlobDecoder.java:284)
    app//btools.mapcreator.BPbfBlobDecoder.process(BPbfBlobDecoder.java:49)
    app//btools.mapcreator.OsmParser.readMap(OsmParser.java:94)
    app//btools.mapcreator.OsmCutter.process(OsmCutter.java:94)
    app//btools.mapcreator.OsmFastCutter.doCut(OsmFastCutter.java:60)
    app//btools.mapcreator.OsmFastCutter.main(OsmFastCutter.java:26)
    java.base@11.0.13/jdk.internal.reflect.NativeMethodAccessorImpl.invoke0(Native Method)
    java.base@11.0.13/jdk.internal.reflect.NativeMethodAccessorImpl.invoke(NativeMethodAccessorImpl.java:62)
    java.base@11.0.13/jdk.internal.reflect.DelegatingMethodAccessorImpl.invoke(DelegatingMethodAccessorImpl.java:43)
    java.base@11.0.13/java.lang.reflect.Method.invoke(Method.java:566)
    app//btools.util.StackSampler.main(StackSampler.java:141)

2022-01-02 16:33:24,768 THREADDUMP
 (ID=1 "main" RUNNABLE
    app//org.openstreetmap.osmosis.osmbinary.Osmformat$DenseNodes.<init>(Osmformat.java:12696)
    app//org.openstreetmap.osmosis.osmbinary.Osmformat$DenseNodes.<init>(Osmformat.java:12578)
    app//org.openstreetmap.osmosis.osmbinary.Osmformat$DenseNodes$1.parsePartialFrom(Osmformat.java:14081)
    app//org.openstreetmap.osmosis.osmbinary.Osmformat$DenseNodes$1.parsePartialFrom(Osmformat.java:14075)
    app//com.google.protobuf.CodedInputStream$ArrayDecoder.readMessage(CodedInputStream.java:888)
    app//org.openstreetmap.osmosis.osmbinary.Osmformat$PrimitiveGroup.<init>(Osmformat.java:4635)
    app//org.openstreetmap.osmosis.osmbinary.Osmformat$PrimitiveGroup.<init>(Osmformat.java:4574)
    app//org.openstreetmap.osmosis.osmbinary.Osmformat$PrimitiveGroup$1.parsePartialFrom(Osmformat.java:6604)
    app//org.openstreetmap.osmosis.osmbinary.Osmformat$PrimitiveGroup$1.parsePartialFrom(Osmformat.java:6598)
    app//com.google.protobuf.CodedInputStream$ArrayDecoder.readMessage(CodedInputStream.java:888)
    app//org.openstreetmap.osmosis.osmbinary.Osmformat$PrimitiveBlock.<init>(Osmformat.java:3113)
    app//org.openstreetmap.osmosis.osmbinary.Osmformat$PrimitiveBlock.<init>(Osmformat.java:3048)
    app//org.openstreetmap.osmosis.osmbinary.Osmformat$PrimitiveBlock$1.parsePartialFrom(Osmformat.java:4432)
    app//org.openstreetmap.osmosis.osmbinary.Osmformat$PrimitiveBlock$1.parsePartialFrom(Osmformat.java:4426)
    app//com.google.protobuf.AbstractParser.parsePartialFrom(AbstractParser.java:158)
    app//com.google.protobuf.AbstractParser.parseFrom(AbstractParser.java:191)
    app//com.google.protobuf.AbstractParser.parseFrom(AbstractParser.java:203)
    app//com.google.protobuf.AbstractParser.parseFrom(AbstractParser.java:208)
    app//com.google.protobuf.AbstractParser.parseFrom(AbstractParser.java:48)
    app//org.openstreetmap.osmosis.osmbinary.Osmformat$PrimitiveBlock.parseFrom(Osmformat.java:3521)
    app//btools.mapcreator.BPbfBlobDecoder.processOsmPrimitives(BPbfBlobDecoder.java:279)
    app//btools.mapcreator.BPbfBlobDecoder.process(BPbfBlobDecoder.java:49)
    app//btools.mapcreator.OsmParser.readMap(OsmParser.java:94)
    app//btools.mapcreator.OsmCutter.process(OsmCutter.java:94)
    app//btools.mapcreator.OsmFastCutter.doCut(OsmFastCutter.java:60)
    app//btools.mapcreator.OsmFastCutter.main(OsmFastCutter.java:26)
    java.base@11.0.13/jdk.internal.reflect.NativeMethodAccessorImpl.invoke0(Native Method)
    java.base@11.0.13/jdk.internal.reflect.NativeMethodAccessorImpl.invoke(NativeMethodAccessorImpl.java:62)
    java.base@11.0.13/jdk.internal.reflect.DelegatingMethodAccessorImpl.invoke(DelegatingMethodAccessorImpl.java:43)
    java.base@11.0.13/java.lang.reflect.Method.invoke(Method.java:566)
    app//btools.util.StackSampler.main(StackSampler.java:141)

2022-01-02 16:33:25,395 THREADDUMP
 (ID=1 "main" RUNNABLE
    app//btools.util.DiffCoderDataOutputStream.writeUnsigned(DiffCoderDataOutputStream.java:43)
    app//btools.util.DiffCoderDataOutputStream.writeSigned(DiffCoderDataOutputStream.java:31)
    app//btools.util.DiffCoderDataOutputStream.writeDiffed(DiffCoderDataOutputStream.java:26)
    app//btools.mapcreator.NodeData.writeTo(NodeData.java:38)
    app//btools.mapcreator.OsmCutter.nextNode(OsmCutter.java:150)
    app//btools.mapcreator.OsmParser.addNode(OsmParser.java:110)
    app//btools.mapcreator.BPbfBlobDecoder.processNodes(BPbfBlobDecoder.java:188)
    app//btools.mapcreator.BPbfBlobDecoder.processOsmPrimitives(BPbfBlobDecoder.java:284)
    app//btools.mapcreator.BPbfBlobDecoder.process(BPbfBlobDecoder.java:49)
    app//btools.mapcreator.OsmParser.readMap(OsmParser.java:94)
    app//btools.mapcreator.OsmCutter.process(OsmCutter.java:94)
    app//btools.mapcreator.OsmFastCutter.doCut(OsmFastCutter.java:60)
    app//btools.mapcreator.OsmFastCutter.main(OsmFastCutter.java:26)
    java.base@11.0.13/jdk.internal.reflect.NativeMethodAccessorImpl.invoke0(Native Method)
    java.base@11.0.13/jdk.internal.reflect.NativeMethodAccessorImpl.invoke(NativeMethodAccessorImpl.java:62)
    java.base@11.0.13/jdk.internal.reflect.DelegatingMethodAccessorImpl.invoke(DelegatingMethodAccessorImpl.java:43)
    java.base@11.0.13/java.lang.reflect.Method.invoke(Method.java:566)
    app//btools.util.StackSampler.main(StackSampler.java:141)

2022-01-02 16:33:26,486 THREADDUMP
 (ID=1 "main" RUNNABLE
    java.base@11.0.13/java.lang.String.<init>(String.java:507)
    app//com.google.protobuf.ByteString$LiteralByteString.toStringInternal(ByteString.java:1397)
    app//com.google.protobuf.ByteString.toString(ByteString.java:800)
    app//com.google.protobuf.ByteString.toStringUtf8(ByteString.java:820)
    app//btools.mapcreator.BPbfFieldDecoder.<init>(BPbfFieldDecoder.java:38)
    app//btools.mapcreator.BPbfBlobDecoder.processOsmPrimitives(BPbfBlobDecoder.java:280)
    app//btools.mapcreator.BPbfBlobDecoder.process(BPbfBlobDecoder.java:49)
    app//btools.mapcreator.OsmParser.readMap(OsmParser.java:94)
    app//btools.mapcreator.OsmCutter.process(OsmCutter.java:94)
    app//btools.mapcreator.OsmFastCutter.doCut(OsmFastCutter.java:60)
    app//btools.mapcreator.OsmFastCutter.main(OsmFastCutter.java:26)
    java.base@11.0.13/jdk.internal.reflect.NativeMethodAccessorImpl.invoke0(Native Method)
    java.base@11.0.13/jdk.internal.reflect.NativeMethodAccessorImpl.invoke(NativeMethodAccessorImpl.java:62)
    java.base@11.0.13/jdk.internal.reflect.DelegatingMethodAccessorImpl.invoke(DelegatingMethodAccessorImpl.java:43)
    java.base@11.0.13/java.lang.reflect.Method.invoke(Method.java:566)
    app//btools.util.StackSampler.main(StackSampler.java:141)

2022-01-02 16:33:27,416 THREADDUMP
 (ID=1 "main" RUNNABLE
    app//btools.mapcreator.MapCreatorBase.writeId(MapCreatorBase.java:67)
    app//btools.mapcreator.WayData.writeTo(WayData.java:46)
    app//btools.mapcreator.WayCutter.nextWay(WayCutter.java:85)
    app//btools.mapcreator.OsmCutter.nextWay(OsmCutter.java:223)
    app//btools.mapcreator.OsmParser.addWay(OsmParser.java:125)
    app//btools.mapcreator.BPbfBlobDecoder.processWays(BPbfBlobDecoder.java:209)
    app//btools.mapcreator.BPbfBlobDecoder.processOsmPrimitives(BPbfBlobDecoder.java:286)
    app//btools.mapcreator.BPbfBlobDecoder.process(BPbfBlobDecoder.java:49)
    app//btools.mapcreator.OsmParser.readMap(OsmParser.java:94)
    app//btools.mapcreator.OsmCutter.process(OsmCutter.java:94)
    app//btools.mapcreator.OsmFastCutter.doCut(OsmFastCutter.java:60)
    app//btools.mapcreator.OsmFastCutter.main(OsmFastCutter.java:26)
    java.base@11.0.13/jdk.internal.reflect.NativeMethodAccessorImpl.invoke0(Native Method)
    java.base@11.0.13/jdk.internal.reflect.NativeMethodAccessorImpl.invoke(NativeMethodAccessorImpl.java:62)
    java.base@11.0.13/jdk.internal.reflect.DelegatingMethodAccessorImpl.invoke(DelegatingMethodAccessorImpl.java:43)
    java.base@11.0.13/java.lang.reflect.Method.invoke(Method.java:566)
    app//btools.util.StackSampler.main(StackSampler.java:141)

2022-01-02 16:33:28,387 THREADDUMP
 (ID=1 "main" RUNNABLE
    java.base@11.0.13/java.util.zip.Inflater.inflateBytesBytes(Native Method)
    java.base@11.0.13/java.util.zip.Inflater.inflate(Inflater.java:385)
    java.base@11.0.13/java.util.zip.Inflater.inflate(Inflater.java:471)
    app//btools.mapcreator.BPbfBlobDecoder.readBlobContent(BPbfBlobDecoder.java:72)
    app//btools.mapcreator.BPbfBlobDecoder.process(BPbfBlobDecoder.java:49)
    app//btools.mapcreator.OsmParser.readMap(OsmParser.java:94)
    app//btools.mapcreator.OsmCutter.process(OsmCutter.java:94)
    app//btools.mapcreator.OsmFastCutter.doCut(OsmFastCutter.java:60)
    app//btools.mapcreator.OsmFastCutter.main(OsmFastCutter.java:26)
    java.base@11.0.13/jdk.internal.reflect.NativeMethodAccessorImpl.invoke0(Native Method)
    java.base@11.0.13/jdk.internal.reflect.NativeMethodAccessorImpl.invoke(NativeMethodAccessorImpl.java:62)
    java.base@11.0.13/jdk.internal.reflect.DelegatingMethodAccessorImpl.invoke(DelegatingMethodAccessorImpl.java:43)
    java.base@11.0.13/java.lang.reflect.Method.invoke(Method.java:566)
    app//btools.util.StackSampler.main(StackSampler.java:141)

2022-01-02 16:33:29,630 THREADDUMP
 (ID=1 "main" RUNNABLE
    app//btools.util.CompactLongSet.moveToFrozenArray(CompactLongSet.java:202)
    app//btools.util.FrozenLongSet.<init>(FrozenLongSet.java:22)
    app//btools.mapcreator.RelationMerger.init(RelationMerger.java:105)
    app//btools.mapcreator.OsmFastCutter.doCut(OsmFastCutter.java:70)
    app//btools.mapcreator.OsmFastCutter.main(OsmFastCutter.java:26)
    java.base@11.0.13/jdk.internal.reflect.NativeMethodAccessorImpl.invoke0(Native Method)
    java.base@11.0.13/jdk.internal.reflect.NativeMethodAccessorImpl.invoke(NativeMethodAccessorImpl.java:62)
    java.base@11.0.13/jdk.internal.reflect.DelegatingMethodAccessorImpl.invoke(DelegatingMethodAccessorImpl.java:43)
    java.base@11.0.13/java.lang.reflect.Method.invoke(Method.java:566)
    app//btools.util.StackSampler.main(StackSampler.java:141)

2022-01-02 16:33:30,218 THREADDUMP
 (ID=1 "main" RUNNABLE
    java.base@11.0.13/java.io.DataInputStream.readByte(DataInputStream.java:270)
    app//btools.util.DiffCoderDataInputStream.readUnsigned(DiffCoderDataInputStream.java:42)
    app//btools.util.DiffCoderDataInputStream.readSigned(DiffCoderDataInputStream.java:32)
    app//btools.util.DiffCoderDataInputStream.readDiffed(DiffCoderDataInputStream.java:24)
    app//btools.mapcreator.NodeData.<init>(NodeData.java:29)
    app//btools.mapcreator.NodeIterator.processFile(NodeIterator.java:57)
    app//btools.mapcreator.WayCutter5.wayFileStart(WayCutter5.java:73)
    app//btools.mapcreator.WayIterator.processFile(WayIterator.java:56)
    app//btools.mapcreator.WayIterator.processDir(WayIterator.java:46)
    app//btools.mapcreator.WayCutter5.process(WayCutter5.java:52)
    app//btools.mapcreator.OsmFastCutter.doCut(OsmFastCutter.java:83)
    app//btools.mapcreator.OsmFastCutter.main(OsmFastCutter.java:26)
    java.base@11.0.13/jdk.internal.reflect.NativeMethodAccessorImpl.invoke0(Native Method)
    java.base@11.0.13/jdk.internal.reflect.NativeMethodAccessorImpl.invoke(NativeMethodAccessorImpl.java:62)
    java.base@11.0.13/jdk.internal.reflect.DelegatingMethodAccessorImpl.invoke(DelegatingMethodAccessorImpl.java:43)
    java.base@11.0.13/java.lang.reflect.Method.invoke(Method.java:566)
    app//btools.util.StackSampler.main(StackSampler.java:141)

2022-01-02 16:33:31,402 THREADDUMP
 (ID=1 "main" RUNNABLE
    app//btools.mapcreator.MapCreatorBase.writeId(MapCreatorBase.java:67)
    app//btools.mapcreator.WayData.writeTo(WayData.java:51)
    app//btools.mapcreator.WayCutter5.nextWay(WayCutter5.java:152)
    app//btools.mapcreator.WayIterator.processFile(WayIterator.java:67)
    app//btools.mapcreator.WayIterator.processDir(WayIterator.java:46)
    app//btools.mapcreator.WayCutter5.process(WayCutter5.java:52)
    app//btools.mapcreator.OsmFastCutter.doCut(OsmFastCutter.java:83)
    app//btools.mapcreator.OsmFastCutter.main(OsmFastCutter.java:26)
    java.base@11.0.13/jdk.internal.reflect.NativeMethodAccessorImpl.invoke0(Native Method)
    java.base@11.0.13/jdk.internal.reflect.NativeMethodAccessorImpl.invoke(NativeMethodAccessorImpl.java:62)
    java.base@11.0.13/jdk.internal.reflect.DelegatingMethodAccessorImpl.invoke(DelegatingMethodAccessorImpl.java:43)
    java.base@11.0.13/java.lang.reflect.Method.invoke(Method.java:566)
    app//btools.util.StackSampler.main(StackSampler.java:141)

2022-01-02 16:33:32,526 THREADDUMP
 (ID=1 "main" RUNNABLE
    app//btools.util.CompactLongSet.contains(CompactLongSet.java:165)
    app//btools.util.CompactLongSet.contains(CompactLongSet.java:139)
    app//btools.mapcreator.PosUnifier.checkAdd(PosUnifier.java:118)
    app//btools.mapcreator.PosUnifier.findUniquePos(PosUnifier.java:131)
    app//btools.mapcreator.PosUnifier.nextNode(PosUnifier.java:94)
    app//btools.mapcreator.NodeIterator.processFile(NodeIterator.java:58)
    app//btools.mapcreator.NodeIterator.processDir(NodeIterator.java:40)
    app//btools.mapcreator.PosUnifier.process(PosUnifier.java:74)
    app//btools.mapcreator.PosUnifier.main(PosUnifier.java:46)
    java.base@11.0.13/jdk.internal.reflect.NativeMethodAccessorImpl.invoke0(Native Method)
    java.base@11.0.13/jdk.internal.reflect.NativeMethodAccessorImpl.invoke(NativeMethodAccessorImpl.java:62)
    java.base@11.0.13/jdk.internal.reflect.DelegatingMethodAccessorImpl.invoke(DelegatingMethodAccessorImpl.java:43)
    java.base@11.0.13/java.lang.reflect.Method.invoke(Method.java:566)
    app//btools.util.StackSampler.main(StackSampler.java:141)

2022-01-02 16:33:33,881 THREADDUMP
 (ID=1 "main" RUNNABLE
    app//btools.util.CompactLongSet.contains(CompactLongSet.java:165)
    app//btools.util.CompactLongSet.contains(CompactLongSet.java:139)
    app//btools.mapcreator.PosUnifier.checkAdd(PosUnifier.java:118)
    app//btools.mapcreator.PosUnifier.findUniquePos(PosUnifier.java:131)
    app//btools.mapcreator.PosUnifier.nextNode(PosUnifier.java:94)
    app//btools.mapcreator.NodeIterator.processFile(NodeIterator.java:58)
    app//btools.mapcreator.NodeIterator.processDir(NodeIterator.java:40)
    app//btools.mapcreator.PosUnifier.process(PosUnifier.java:74)
    app//btools.mapcreator.PosUnifier.main(PosUnifier.java:46)
    java.base@11.0.13/jdk.internal.reflect.NativeMethodAccessorImpl.invoke0(Native Method)
    java.base@11.0.13/jdk.internal.reflect.NativeMethodAccessorImpl.invoke(NativeMethodAccessorImpl.java:62)
    java.base@11.0.13/jdk.internal.reflect.DelegatingMethodAccessorImpl.invoke(DelegatingMethodAccessorImpl.java:43)
    java.base@11.0.13/java.lang.reflect.Method.invoke(Method.java:566)
    app//btools.util.StackSampler.main(StackSampler.java:141)

2022-01-02 16:33:34,451 THREADDUMP
 (ID=13 "Thread-1" RUNNABLE
    app//btools.util.DiffCoderDataInputStream.readUnsigned(DiffCoderDataInputStream.java:46)
    app//btools.util.DiffCoderDataInputStream.readSigned(DiffCoderDataInputStream.java:32)
    app//btools.util.DiffCoderDataInputStream.readDiffed(DiffCoderDataInputStream.java:24)
    app//btools.mapcreator.NodeData.<init>(NodeData.java:28)
    app//btools.mapcreator.NodeIterator.processFile(NodeIterator.java:57)
    app//btools.mapcreator.WayLinker.wayFileStart(WayLinker.java:264)
    app//btools.mapcreator.WayIterator.processFile(WayIterator.java:56)
    app//btools.mapcreator.WayIterator.processDir(WayIterator.java:46)
    app//btools.mapcreator.WayLinker.run(WayLinker.java:202)
    java.base@11.0.13/java.lang.Thread.run(Thread.java:829)

 (ID=14 "Thread-2" TIMED_WAITING
    java.base@11.0.13/java.lang.Object.wait(Native Method)
    app//btools.mapcreator.WayLinker$ThreadController.setCurrentSlaveSize(WayLinker.java:112)
    app//btools.mapcreator.WayLinker.wayFileStart(WayLinker.java:232)
    app//btools.mapcreator.WayIterator.processFile(WayIterator.java:56)
    app//btools.mapcreator.WayIterator.processDir(WayIterator.java:46)
    app//btools.mapcreator.WayLinker.run(WayLinker.java:202)
    java.base@11.0.13/java.lang.Thread.run(Thread.java:829)

 (ID=1 "main" WAITING
    java.base@11.0.13/java.lang.Object.wait(Native Method)
    java.base@11.0.13/java.lang.Thread.join(Thread.java:1300)
    java.base@11.0.13/java.lang.Thread.join(Thread.java:1375)
    app//btools.mapcreator.WayLinker.process(WayLinker.java:162)
    app//btools.mapcreator.WayLinker.main(WayLinker.java:139)
    java.base@11.0.13/jdk.internal.reflect.NativeMethodAccessorImpl.invoke0(Native Method)
    java.base@11.0.13/jdk.internal.reflect.NativeMethodAccessorImpl.invoke(NativeMethodAccessorImpl.java:62)
    java.base@11.0.13/jdk.internal.reflect.DelegatingMethodAccessorImpl.invoke(DelegatingMethodAccessorImpl.java:43)
    java.base@11.0.13/java.lang.reflect.Method.invoke(Method.java:566)
    app//btools.util.StackSampler.main(StackSampler.java:141)

2022-01-02 16:33:35,511 THREADDUMP
 (ID=13 "Thread-1" RUNNABLE
    app//btools.util.FrozenLongMap.get(FrozenLongMap.java:126)
    app//btools.mapcreator.WayLinker.nextWay(WayLinker.java:411)
    app//btools.mapcreator.WayIterator.processFile(WayIterator.java:67)
    app//btools.mapcreator.WayIterator.processDir(WayIterator.java:46)
    app//btools.mapcreator.WayLinker.run(WayLinker.java:202)
    java.base@11.0.13/java.lang.Thread.run(Thread.java:829)

 (ID=14 "Thread-2" TIMED_WAITING
    java.base@11.0.13/java.lang.Object.wait(Native Method)
    app//btools.mapcreator.WayLinker$ThreadController.setCurrentSlaveSize(WayLinker.java:112)
    app//btools.mapcreator.WayLinker.wayFileStart(WayLinker.java:232)
    app//btools.mapcreator.WayIterator.processFile(WayIterator.java:56)
    app//btools.mapcreator.WayIterator.processDir(WayIterator.java:46)
    app//btools.mapcreator.WayLinker.run(WayLinker.java:202)
    java.base@11.0.13/java.lang.Thread.run(Thread.java:829)

 (ID=1 "main" WAITING
    java.base@11.0.13/java.lang.Object.wait(Native Method)
    java.base@11.0.13/java.lang.Thread.join(Thread.java:1300)
    java.base@11.0.13/java.lang.Thread.join(Thread.java:1375)
    app//btools.mapcreator.WayLinker.process(WayLinker.java:162)
    app//btools.mapcreator.WayLinker.main(WayLinker.java:139)
    java.base@11.0.13/jdk.internal.reflect.NativeMethodAccessorImpl.invoke0(Native Method)
    java.base@11.0.13/jdk.internal.reflect.NativeMethodAccessorImpl.invoke(NativeMethodAccessorImpl.java:62)
    java.base@11.0.13/jdk.internal.reflect.DelegatingMethodAccessorImpl.invoke(DelegatingMethodAccessorImpl.java:43)
    java.base@11.0.13/java.lang.reflect.Method.invoke(Method.java:566)
    app//btools.util.StackSampler.main(StackSampler.java:141)

2022-01-02 16:33:36,931 THREADDUMP
 (ID=13 "Thread-1" RUNNABLE
    app//btools.mapcreator.DPFilter.doDPFilter(DPFilter.java:51)
    app//btools.mapcreator.DPFilter.doDPFilter(DPFilter.java:81)
    app//btools.mapcreator.DPFilter.doDPFilter(DPFilter.java:73)
    app//btools.mapcreator.DPFilter.doDPFilter(DPFilter.java:33)
    app//btools.mapcreator.OsmNodeP.writeNodeData2(OsmNodeP.java:262)
    app//btools.mapcreator.OsmNodeP.writeNodeData(OsmNodeP.java:110)
    app//btools.mapcreator.WayLinker.wayFileEnd(WayLinker.java:544)
    app//btools.mapcreator.WayIterator.processFile(WayIterator.java:74)
    app//btools.mapcreator.WayIterator.processDir(WayIterator.java:46)
    app//btools.mapcreator.WayLinker.run(WayLinker.java:202)
    java.base@11.0.13/java.lang.Thread.run(Thread.java:829)

 (ID=14 "Thread-2" TIMED_WAITING
    java.base@11.0.13/java.lang.Object.wait(Native Method)
    app//btools.mapcreator.WayLinker$ThreadController.setCurrentSlaveSize(WayLinker.java:112)
    app//btools.mapcreator.WayLinker.wayFileStart(WayLinker.java:232)
    app//btools.mapcreator.WayIterator.processFile(WayIterator.java:56)
    app//btools.mapcreator.WayIterator.processDir(WayIterator.java:46)
    app//btools.mapcreator.WayLinker.run(WayLinker.java:202)
    java.base@11.0.13/java.lang.Thread.run(Thread.java:829)

 (ID=1 "main" WAITING
    java.base@11.0.13/java.lang.Object.wait(Native Method)
    java.base@11.0.13/java.lang.Thread.join(Thread.java:1300)
    java.base@11.0.13/java.lang.Thread.join(Thread.java:1375)
    app//btools.mapcreator.WayLinker.process(WayLinker.java:162)
    app//btools.mapcreator.WayLinker.main(WayLinker.java:139)
    java.base@11.0.13/jdk.internal.reflect.NativeMethodAccessorImpl.invoke0(Native Method)
    java.base@11.0.13/jdk.internal.reflect.NativeMethodAccessorImpl.invoke(NativeMethodAccessorImpl.java:62)
    java.base@11.0.13/jdk.internal.reflect.DelegatingMethodAccessorImpl.invoke(DelegatingMethodAccessorImpl.java:43)
    java.base@11.0.13/java.lang.reflect.Method.invoke(Method.java:566)
    app//btools.util.StackSampler.main(StackSampler.java:141)

2022-01-02 16:33:38,341 THREADDUMP
 (ID=13 "Thread-1" RUNNABLE
    java.base@11.0.13/java.util.TreeMap.getEntry(TreeMap.java:357)
    java.base@11.0.13/java.util.TreeMap.get(TreeMap.java:277)
    app//btools.codec.StatCoderContext.assignBits(StatCoderContext.java:50)
    app//btools.codec.MicroCache2.encodeMicroCache(MicroCache2.java:506)
    app//btools.mapcreator.WayLinker.wayFileEnd(WayLinker.java:551)
    app//btools.mapcreator.WayIterator.processFile(WayIterator.java:74)
    app//btools.mapcreator.WayIterator.processDir(WayIterator.java:46)
    app//btools.mapcreator.WayLinker.run(WayLinker.java:202)
    java.base@11.0.13/java.lang.Thread.run(Thread.java:829)

 (ID=14 "Thread-2" TIMED_WAITING
    java.base@11.0.13/java.lang.Object.wait(Native Method)
    app//btools.mapcreator.WayLinker$ThreadController.setCurrentSlaveSize(WayLinker.java:112)
    app//btools.mapcreator.WayLinker.wayFileStart(WayLinker.java:232)
    app//btools.mapcreator.WayIterator.processFile(WayIterator.java:56)
    app//btools.mapcreator.WayIterator.processDir(WayIterator.java:46)
    app//btools.mapcreator.WayLinker.run(WayLinker.java:202)
    java.base@11.0.13/java.lang.Thread.run(Thread.java:829)

 (ID=1 "main" WAITING
    java.base@11.0.13/java.lang.Object.wait(Native Method)
    java.base@11.0.13/java.lang.Thread.join(Thread.java:1300)
    java.base@11.0.13/java.lang.Thread.join(Thread.java:1375)
    app//btools.mapcreator.WayLinker.process(WayLinker.java:162)
    app//btools.mapcreator.WayLinker.main(WayLinker.java:139)
    java.base@11.0.13/jdk.internal.reflect.NativeMethodAccessorImpl.invoke0(Native Method)
    java.base@11.0.13/jdk.internal.reflect.NativeMethodAccessorImpl.invoke(NativeMethodAccessorImpl.java:62)
    java.base@11.0.13/jdk.internal.reflect.DelegatingMethodAccessorImpl.invoke(DelegatingMethodAccessorImpl.java:43)
    java.base@11.0.13/java.lang.reflect.Method.invoke(Method.java:566)
    app//btools.util.StackSampler.main(StackSampler.java:141)

2022-01-02 16:33:38,663 THREADDUMP
 (ID=13 "Thread-1" RUNNABLE
    app//btools.mapcreator.WayLinker.wayFileEnd(WayLinker.java:539)
    app//btools.mapcreator.WayIterator.processFile(WayIterator.java:74)
    app//btools.mapcreator.WayIterator.processDir(WayIterator.java:46)
    app//btools.mapcreator.WayLinker.run(WayLinker.java:202)
    java.base@11.0.13/java.lang.Thread.run(Thread.java:829)

 (ID=14 "Thread-2" TIMED_WAITING
    java.base@11.0.13/java.lang.Object.wait(Native Method)
    app//btools.mapcreator.WayLinker$ThreadController.setCurrentSlaveSize(WayLinker.java:112)
    app//btools.mapcreator.WayLinker.wayFileStart(WayLinker.java:232)
    app//btools.mapcreator.WayIterator.processFile(WayIterator.java:56)
    app//btools.mapcreator.WayIterator.processDir(WayIterator.java:46)
    app//btools.mapcreator.WayLinker.run(WayLinker.java:202)
    java.base@11.0.13/java.lang.Thread.run(Thread.java:829)

 (ID=1 "main" WAITING
    java.base@11.0.13/java.lang.Object.wait(Native Method)
    java.base@11.0.13/java.lang.Thread.join(Thread.java:1300)
    java.base@11.0.13/java.lang.Thread.join(Thread.java:1375)
    app//btools.mapcreator.WayLinker.process(WayLinker.java:162)
    app//btools.mapcreator.WayLinker.main(WayLinker.java:139)
    java.base@11.0.13/jdk.internal.reflect.NativeMethodAccessorImpl.invoke0(Native Method)
    java.base@11.0.13/jdk.internal.reflect.NativeMethodAccessorImpl.invoke(NativeMethodAccessorImpl.java:62)
    java.base@11.0.13/jdk.internal.reflect.DelegatingMethodAccessorImpl.invoke(DelegatingMethodAccessorImpl.java:43)
    java.base@11.0.13/java.lang.reflect.Method.invoke(Method.java:566)
    app//btools.util.StackSampler.main(StackSampler.java:141)

2022-01-02 16:33:40,009 THREADDUMP
 (ID=13 "Thread-1" RUNNABLE
    app//btools.mapcreator.WayLinker.nextWay(WayLinker.java:417)
    app//btools.mapcreator.WayIterator.processFile(WayIterator.java:67)
    app//btools.mapcreator.WayIterator.processDir(WayIterator.java:46)
    app//btools.mapcreator.WayLinker.run(WayLinker.java:202)
    java.base@11.0.13/java.lang.Thread.run(Thread.java:829)

 (ID=14 "Thread-2" TIMED_WAITING
    java.base@11.0.13/java.lang.Object.wait(Native Method)
    app//btools.mapcreator.WayLinker$ThreadController.setCurrentSlaveSize(WayLinker.java:112)
    app//btools.mapcreator.WayLinker.wayFileStart(WayLinker.java:232)
    app//btools.mapcreator.WayIterator.processFile(WayIterator.java:56)
    app//btools.mapcreator.WayIterator.processDir(WayIterator.java:46)
    app//btools.mapcreator.WayLinker.run(WayLinker.java:202)
    java.base@11.0.13/java.lang.Thread.run(Thread.java:829)

 (ID=1 "main" WAITING
    java.base@11.0.13/java.lang.Object.wait(Native Method)
    java.base@11.0.13/java.lang.Thread.join(Thread.java:1300)
    java.base@11.0.13/java.lang.Thread.join(Thread.java:1375)
    app//btools.mapcreator.WayLinker.process(WayLinker.java:162)
    app//btools.mapcreator.WayLinker.main(WayLinker.java:139)
    java.base@11.0.13/jdk.internal.reflect.NativeMethodAccessorImpl.invoke0(Native Method)
    java.base@11.0.13/jdk.internal.reflect.NativeMethodAccessorImpl.invoke(NativeMethodAccessorImpl.java:62)
    java.base@11.0.13/jdk.internal.reflect.DelegatingMethodAccessorImpl.invoke(DelegatingMethodAccessorImpl.java:43)
    java.base@11.0.13/java.lang.reflect.Method.invoke(Method.java:566)
    app//btools.util.StackSampler.main(StackSampler.java:141)

2022-01-02 16:33:40,459 THREADDUMP
 (ID=13 "Thread-1" RUNNABLE
    app//btools.util.ByteDataReader.readVarLengthSigned(ByteDataReader.java:114)
    app//btools.codec.MicroCache2.encodeMicroCache(MicroCache2.java:498)
    app//btools.mapcreator.WayLinker.wayFileEnd(WayLinker.java:551)
    app//btools.mapcreator.WayIterator.processFile(WayIterator.java:74)
    app//btools.mapcreator.WayIterator.processDir(WayIterator.java:46)
    app//btools.mapcreator.WayLinker.run(WayLinker.java:202)
    java.base@11.0.13/java.lang.Thread.run(Thread.java:829)

 (ID=14 "Thread-2" TIMED_WAITING
    java.base@11.0.13/java.lang.Object.wait(Native Method)
    app//btools.mapcreator.WayLinker$ThreadController.setCurrentSlaveSize(WayLinker.java:112)
    app//btools.mapcreator.WayLinker.wayFileStart(WayLinker.java:232)
    app//btools.mapcreator.WayIterator.processFile(WayIterator.java:56)
    app//btools.mapcreator.WayIterator.processDir(WayIterator.java:46)
    app//btools.mapcreator.WayLinker.run(WayLinker.java:202)
    java.base@11.0.13/java.lang.Thread.run(Thread.java:829)

 (ID=1 "main" WAITING
    java.base@11.0.13/java.lang.Object.wait(Native Method)
    java.base@11.0.13/java.lang.Thread.join(Thread.java:1300)
    java.base@11.0.13/java.lang.Thread.join(Thread.java:1375)
    app//btools.mapcreator.WayLinker.process(WayLinker.java:162)
    app//btools.mapcreator.WayLinker.main(WayLinker.java:139)
    java.base@11.0.13/jdk.internal.reflect.NativeMethodAccessorImpl.invoke0(Native Method)
    java.base@11.0.13/jdk.internal.reflect.NativeMethodAccessorImpl.invoke(NativeMethodAccessorImpl.java:62)
    java.base@11.0.13/jdk.internal.reflect.DelegatingMethodAccessorImpl.invoke(DelegatingMethodAccessorImpl.java:43)
    java.base@11.0.13/java.lang.reflect.Method.invoke(Method.java:566)
    app//btools.util.StackSampler.main(StackSampler.java:141)

2022-01-02 16:33:42,267 THREADDUMP
 (ID=13 "Thread-1" RUNNABLE
    app//btools.util.CompactLongMap._add(CompactLongMap.java:174)
    app//btools.util.CompactLongMap.fastPut(CompactLongMap.java:112)
    app//btools.mapcreator.WayLinker.nextNode(WayLinker.java:325)
    app//btools.mapcreator.NodeIterator.processFile(NodeIterator.java:58)
    app//btools.mapcreator.WayLinker.wayFileStart(WayLinker.java:264)
    app//btools.mapcreator.WayIterator.processFile(WayIterator.java:56)
    app//btools.mapcreator.WayIterator.processDir(WayIterator.java:46)
    app//btools.mapcreator.WayLinker.run(WayLinker.java:202)
    java.base@11.0.13/java.lang.Thread.run(Thread.java:829)

 (ID=14 "Thread-2" TIMED_WAITING
    java.base@11.0.13/java.lang.Object.wait(Native Method)
    app//btools.mapcreator.WayLinker$ThreadController.setCurrentSlaveSize(WayLinker.java:112)
    app//btools.mapcreator.WayLinker.wayFileStart(WayLinker.java:232)
    app//btools.mapcreator.WayIterator.processFile(WayIterator.java:56)
    app//btools.mapcreator.WayIterator.processDir(WayIterator.java:46)
    app//btools.mapcreator.WayLinker.run(WayLinker.java:202)
    java.base@11.0.13/java.lang.Thread.run(Thread.java:829)

 (ID=1 "main" WAITING
    java.base@11.0.13/java.lang.Object.wait(Native Method)
    java.base@11.0.13/java.lang.Thread.join(Thread.java:1300)
    java.base@11.0.13/java.lang.Thread.join(Thread.java:1375)
    app//btools.mapcreator.WayLinker.process(WayLinker.java:162)
    app//btools.mapcreator.WayLinker.main(WayLinker.java:139)
    java.base@11.0.13/jdk.internal.reflect.NativeMethodAccessorImpl.invoke0(Native Method)
    java.base@11.0.13/jdk.internal.reflect.NativeMethodAccessorImpl.invoke(NativeMethodAccessorImpl.java:62)
    java.base@11.0.13/jdk.internal.reflect.DelegatingMethodAccessorImpl.invoke(DelegatingMethodAccessorImpl.java:43)
    java.base@11.0.13/java.lang.reflect.Method.invoke(Method.java:566)
    app//btools.util.StackSampler.main(StackSampler.java:141)

2022-01-02 16:33:42,992 THREADDUMP
 (ID=13 "Thread-1" RUNNABLE
    java.base@11.0.13/java.util.HashMap.hash(HashMap.java:340)
    java.base@11.0.13/java.util.HashMap.get(HashMap.java:553)
    app//btools.codec.MicroCache2.encodeMicroCache(MicroCache2.java:447)
    app//btools.mapcreator.WayLinker.wayFileEnd(WayLinker.java:551)
    app//btools.mapcreator.WayIterator.processFile(WayIterator.java:74)
    app//btools.mapcreator.WayIterator.processDir(WayIterator.java:46)
    app//btools.mapcreator.WayLinker.run(WayLinker.java:202)
    java.base@11.0.13/java.lang.Thread.run(Thread.java:829)

 (ID=14 "Thread-2" TIMED_WAITING
    java.base@11.0.13/java.lang.Object.wait(Native Method)
    app//btools.mapcreator.WayLinker$ThreadController.setCurrentSlaveSize(WayLinker.java:112)
    app//btools.mapcreator.WayLinker.wayFileStart(WayLinker.java:232)
    app//btools.mapcreator.WayIterator.processFile(WayIterator.java:56)
    app//btools.mapcreator.WayIterator.processDir(WayIterator.java:46)
    app//btools.mapcreator.WayLinker.run(WayLinker.java:202)
    java.base@11.0.13/java.lang.Thread.run(Thread.java:829)

 (ID=1 "main" WAITING
    java.base@11.0.13/java.lang.Object.wait(Native Method)
    java.base@11.0.13/java.lang.Thread.join(Thread.java:1300)
    java.base@11.0.13/java.lang.Thread.join(Thread.java:1375)
    app//btools.mapcreator.WayLinker.process(WayLinker.java:162)
    app//btools.mapcreator.WayLinker.main(WayLinker.java:139)
    java.base@11.0.13/jdk.internal.reflect.NativeMethodAccessorImpl.invoke0(Native Method)
    java.base@11.0.13/jdk.internal.reflect.NativeMethodAccessorImpl.invoke(NativeMethodAccessorImpl.java:62)
    java.base@11.0.13/jdk.internal.reflect.DelegatingMethodAccessorImpl.invoke(DelegatingMethodAccessorImpl.java:43)
    java.base@11.0.13/java.lang.reflect.Method.invoke(Method.java:566)
    app//btools.util.StackSampler.main(StackSampler.java:141)

